<?xml version="1.0" encoding="UTF-8"?>
<!-- Generated by org.testng.reporters.JUnitReportReporter -->
<testsuite hostname="SUKANNYAG-WIN10" failures="0" tests="4" name="TestRunner.signupPageTest" time="3.525" errors="0" timestamp="2022-07-29T19:56:49 IST" skipped="0">
  <testcase classname="TestRunner.signupPageTest" name="logoTest" time="0.147"/>
  <system-out/>
  <testcase classname="TestRunner.signupPageTest" name="signupButtonClickTest" time="0.048"/>
  <system-out/>
  <testcase classname="TestRunner.signupPageTest" name="signupButtonTest" time="3.121"/>
  <system-out/>
  <testcase classname="TestRunner.signupPageTest" name="signupTest" time="0.209"/>
  <system-out/>
</testsuite> <!-- TestRunner.signupPageTest -->
