<?xml version="1.0" encoding="UTF-8"?>
<!-- Generated by org.testng.reporters.JUnitReportReporter -->
<testsuite hostname="SUKANNYAG-WIN10" failures="0" tests="3" name="TestRunner.loginPageTest" time="4.738" errors="0" timestamp="2022-07-29T00:17:17 IST" skipped="0">
  <testcase classname="TestRunner.loginPageTest" name="verifyTitle" time="0.047"/>
  <system-out/>
  <testcase classname="TestRunner.loginPageTest" name="LoginButtonTest" time="0.035"/>
  <system-out/>
  <testcase classname="TestRunner.loginPageTest" name="loginClick" time="4.656"/>
  <system-out/>
</testsuite> <!-- TestRunner.loginPageTest -->
