<?xml version="1.0" encoding="UTF-8"?>
<!-- Generated by org.testng.reporters.JUnitReportReporter -->
<testsuite hostname="SUKANNYAG-WIN10" failures="0" tests="4" name="TestRunner.signupPageTest" time="3.079" errors="0" timestamp="2022-07-29T12:09:39 IST" skipped="0">
  <testcase classname="TestRunner.signupPageTest" name="logoTest" time="0.181"/>
  <system-out/>
  <testcase classname="TestRunner.signupPageTest" name="signupButtonClickTest" time="0.057"/>
  <system-out/>
  <testcase classname="TestRunner.signupPageTest" name="signupButtonTest" time="2.555"/>
  <system-out/>
  <testcase classname="TestRunner.signupPageTest" name="signupTest" time="0.286"/>
  <system-out/>
</testsuite> <!-- TestRunner.signupPageTest -->
