<?xml version="1.0" encoding="UTF-8"?>
<!-- Generated by org.testng.reporters.JUnitReportReporter -->
<testsuite hostname="SUKANNYAG-WIN10" failures="0" tests="4" name="TestRunner.signupPageTest" time="3.201" errors="0" timestamp="2022-07-29T11:31:10 IST" skipped="0">
  <testcase classname="TestRunner.signupPageTest" name="logoTest" time="0.191"/>
  <system-out/>
  <testcase classname="TestRunner.signupPageTest" name="signupButtonClickTest" time="0.063"/>
  <system-out/>
  <testcase classname="TestRunner.signupPageTest" name="signupButtonTest" time="2.915"/>
  <system-out/>
  <testcase classname="TestRunner.signupPageTest" name="signupTest" time="0.032"/>
  <system-out/>
</testsuite> <!-- TestRunner.signupPageTest -->
